<?xml version="1.0" encoding="UTF-8"?>
<robot generator="Robot 7.1.1 (Python 3.13.1 on win32)" generated="2025-01-10T18:35:52.110564" rpa="false" schemaversion="5">
<suite id="s1" name="Test homePage" source="C:\Users\smibc\OneDrive\Área de Trabalho\robot\dia3\Test_homePage.robot">
<test id="s1-t1" name="Cenário de teste 01: validando Home Page" line="10">
<kw name="Abrindo navegador" owner="Page_homePage" type="SETUP">
<kw name="Open Browser" owner="SeleniumLibrary">
<msg time="2025-01-10T18:35:53.028650" level="INFO">Opening browser 'chrome' to base url 'https:\www.google.com.br'.</msg>
<arg>https:\\www.google.com.br\</arg>
<arg>chrome</arg>
<doc>Opens a new browser instance to the optional ``url``.</doc>
<status status="PASS" start="2025-01-10T18:35:53.027843" elapsed="8.568388"/>
</kw>
<status status="PASS" start="2025-01-10T18:35:53.027150" elapsed="8.569309"/>
</kw>
<kw name="Deve conter na página o title Google" owner="Page_homePage">
<kw name="Sleep" owner="BuiltIn">
<msg time="2025-01-10T18:36:06.600004" level="INFO">Slept 5 seconds.</msg>
<arg>5s</arg>
<doc>Pauses the test executed for the given time.</doc>
<status status="PASS" start="2025-01-10T18:36:01.597495" elapsed="5.002659"/>
</kw>
<status status="PASS" start="2025-01-10T18:36:01.597050" elapsed="5.003239"/>
</kw>
<kw name="Fechando navegador" owner="Page_homePage" type="TEARDOWN">
<kw name="Close Browser" owner="SeleniumLibrary">
<doc>Closes the current browser.</doc>
<status status="PASS" start="2025-01-10T18:36:06.601526" elapsed="3.175502"/>
</kw>
<status status="PASS" start="2025-01-10T18:36:06.600932" elapsed="3.176233"/>
</kw>
<tag>validando_homePage</tag>
<status status="PASS" start="2025-01-10T18:35:53.026320" elapsed="16.751127"/>
</test>
<doc>aqui ficarão os passos para a automação da tela de login</doc>
<status status="PASS" start="2025-01-10T18:35:52.112039" elapsed="17.666935"/>
</suite>
<statistics>
<total>
<stat pass="1" fail="0" skip="0">All Tests</stat>
</total>
<tag>
<stat pass="1" fail="0" skip="0">validando_homePage</stat>
</tag>
<suite>
<stat pass="1" fail="0" skip="0" id="s1" name="Test homePage">Test homePage</stat>
</suite>
</statistics>
<errors>
</errors>
</robot>
